0 info it worked if it ends with ok
1 verbose cli [ 'node', '/usr/local/bin/npm', 'start' ]
2 info using npm@1.3.2
3 info using node@v0.10.13
4 error Error: EACCES, mkdir '/Volumes/Aranea/Applications/Development Tools'
4 error  { [Error: EACCES, mkdir '/Volumes/Aranea/Applications/Development Tools']
4 error   errno: 3,
4 error   code: 'EACCES',
4 error   path: '/Volumes/Aranea/Applications/Development Tools' }
5 error Please try running this command again as root/Administrator.
6 error System Darwin 14.5.0
7 error command "node" "/usr/local/bin/npm" "start"
8 error cwd /Volumes/Aranea/Projects/ReactPlaygroundScoreboard
9 error node -v v0.10.13
10 error npm -v 1.3.2
11 error path /Volumes/Aranea/Applications/Development Tools
12 error code EACCES
13 error errno 3
14 error stack Error: EACCES, mkdir '/Volumes/Aranea/Applications/Development Tools'
15 verbose exit [ 3, true ]
